ramdisk
martha
admire
trims
triad
trams
tiara
smith
smite
smart
skirt
skirt
skims
risks
pater
paris
miter
mirth
mater
irate
irate
hater
earth
disks
dater
aphid
amiss
admit
trim
trap
tram
tire
this
tear
skit
skit
skis
skim
skim
skid
skid
site
sire
sikh
sikh
rite
risk
rims
reap
rate
rate
rapt
rams
raid
path
pate
part
pare
mite
miss
mate
mart
mare
maid
kith
kite
kiss
iata
hiss
hire
hate
hart
hare
disk
dirt
dire
dims
date
data
dart
dare
dams
dais
arid
arid
aria
area
amid
aims
tim
tea
tar
tar
tap
tam
ski
ski
sit
sir
rim
rid
rat
rat
rap
ram
pat
par
mid
mat
mar
mad
kit
kim
kid
ire
ira
ira
ida
hit
his
him
hid
hat
eta
eta
era
era
eat
ear
dim
dam
ate
ate
art
art
are
are
apt
air
aim
aid
ti
te
ta
ta
re
ra
ra
pa
ms
ms
ms
mi
md
ma
km
km
it
is
hi
ha
er
at
at
am
ah
ad
t
s
s
r
p
m
m
k
i
h
h
f
e
d
a
a
